<!DOCTYPE suite SYSTEM "https://testng.org/testng-1.0.dtd" >
<suite name="vendor-application-suite">
    <test name="john test">
        <parameter name="testDataPath" value="test-data/vendor-application-data/john.json"></parameter>
        <classes >
            <class name="com.test.vendorapplication.VendorApplicationTest">
            </class>
        </classes>
    </test>
    <test name="mike test">
        <parameter name="testDataPath" value="test-data/vendor-application-data/john.json"></parameter>
        <classes>
            <class name="com.test.vendorapplication.VendorApplicationTest">
            </class>
        </classes>
    </test>
    <test name="sam test">
        <parameter name="testDataPath" value="test-data/vendor-application-data/john.json"></parameter>
        <classes >
            <class name="com.test.vendorapplication.VendorApplicationTest">
            </class>
        </classes>
    </test>
    <test name="vendor application test">
        <parameter name="testDataPath" value="test-data/vendor-application-data/john.json"></parameter>
        <classes>
            <class name="com.test.vendorapplication.VendorApplicationTest">
            </class>
        </classes>
    </test>
</suite>