<suite name="flight-booking-suite">
    <test name="flight-booking-test-1 passanger">
        <classes name="flight-booking-class-1 passanger">
            <parameter name="testDataPath" value="test-data/book-application-data/john.json"></parameter>
            <class name="com.test.flightreserve.BookFlightTicket"></class>
        </classes>
    </test>
    <test name="flight-booking-test-2 passanger">
        <classes name="flight-booking-class-2 passanger">
            <parameter name="testDataPath" value="test-data/book-application-data/mike.json"></parameter>
            <class name="com.test.flightreserve.BookFlightTicket"></class>
        </classes>
    </test>
    <test name="flight-booking-test-3 passanger">
        <classes name="flight-booking-class-3 passanger">
            <parameter name="testDataPath" value="test-data/book-application-data/sam.json"></parameter>
            <class name="com.test.flightreserve.BookFlightTicket"></class>
        </classes>
    </test>
</suite>